01:58:17   Connect_error, error:Error: xhr poll error
02:13:17   Connect_error, error:Error: xhr poll error
02:13:18   Reconnecting...
02:13:18   Connect_error, error:Error: xhr poll error
02:13:20   Reconnecting...
02:13:20   Connect_error, error:Error: xhr poll error
02:13:23   Reconnecting...
02:13:23   Connect_error, error:Error: xhr poll error
02:13:28   Reconnecting...
02:13:28   Connect_error, error:Error: xhr poll error
02:13:33   Reconnecting...
02:13:33   Connect_error, error:Error: xhr poll error
02:13:38   Reconnecting...
02:13:38   Connect_error, error:Error: xhr poll error
02:13:43   Reconnecting...
02:13:43   Connect_error, error:Error: xhr poll error
02:13:48   Reconnecting...
02:13:48   Connect_error, error:Error: xhr poll error
02:13:53   Reconnecting...
02:13:53   Connect_error, error:Error: xhr poll error
02:13:58   Reconnecting...
02:13:58   Connect_error, error:Error: xhr poll error
02:14:03   Reconnecting...
02:14:03   Connect_error, error:Error: xhr poll error
02:14:12   Connect_error, error:Error: xhr poll error
02:14:13   Reconnecting...
02:14:13   Connect_error, error:Error: xhr poll error
02:14:15   Reconnecting...
02:14:15   Connect_error, error:Error: xhr poll error
02:14:18   Reconnecting...
02:14:18   Connect_error, error:Error: xhr poll error
02:14:23   Reconnecting...
02:14:23   Connect_error, error:Error: xhr poll error
02:14:28   Reconnecting...
02:14:28   Connect_error, error:Error: xhr poll error
02:14:33   Reconnecting...
02:14:33   Connected!
02:17:14   Connected!
02:18:51   Reconnecting...
02:18:51   Connect_error, error:Error: xhr poll error
02:18:53   Reconnecting...
02:18:53   Connected!
02:22:18   Reconnecting...
02:22:18   Connect_error, error:Error: xhr poll error
02:22:20   Reconnecting...
02:22:20   Connected!
02:22:57   Reconnecting...
02:22:57   Connect_error, error:Error: xhr poll error
02:22:59   Reconnecting...
02:22:59   Connected!
02:25:19   Connected!
02:25:24   Recevie data from server: function res(data) {
          ack({ data: data });
        }
02:25:25   Recevie data from server: function res(data) {
          ack({ data: data });
        }
02:26:31   Recevie localhost response: {"days":[11,13,16,17],"code":1}
02:26:33   Recevie localhost response: {"days":[11,13,16,17],"code":1}
02:37:18   Reconnecting...
02:37:18   Connect_error, error:Error: xhr poll error
02:37:21   Reconnecting...
02:37:21   Connected!
02:37:25   Recevie data from server: function res(data) {
          ack({ data: data });
        }
02:37:25   Recevie localhost response: {"days":[11,13,16,17],"code":1}
02:37:40   Connected!
02:37:47   Recevie data from server: data123123
02:37:47   Recevie localhost response: 
02:39:47   Recevie data from server: data123123
02:39:47   Recevie localhost response: 
02:41:47   Recevie data from server: data123123
02:41:47   Recevie localhost response: 
02:43:52   Recevie data from server: data123123
02:43:52   Recevie localhost response: 
02:49:33   Connected!
02:49:35   Reconnecting...
02:49:35   Connect_error, error:Error: xhr poll error
02:49:38   Reconnecting...
02:49:38   Connected!
02:49:52   Recevie data from server: {"userId":"71812"}
02:50:03   Recevie localhost response: 
02:51:13   Connected!
02:51:18   Recevie data from server: {"userId":"71812"}
02:51:18   Recevie localhost response: {"days":[11,13,16,17],"code":1}
02:52:39   Connected!
02:52:41   Recevie data from server: {"userId":"71812"}
02:52:41   Recevie from localhost and response to server: {"days":[11,13,16,17],"code":1}
02:53:05   Reconnecting...
02:53:05   Connect_error, error:Error: xhr poll error
02:53:08   Reconnecting...
02:53:08   Connect_error, error:Error: xhr poll error
02:53:13   Reconnecting...
02:53:13   Connect_error, error:Error: xhr poll error
02:53:18   Reconnecting...
02:53:18   Connect_error, error:Error: xhr poll error
02:53:23   Reconnecting...
02:53:23   Connect_error, error:Error: xhr poll error
02:53:28   Reconnecting...
02:53:28   Connect_error, error:Error: xhr poll error
02:53:33   Reconnecting...
02:53:33   Connect_error, error:Error: xhr poll error
02:53:38   Reconnecting...
02:53:38   Connect_error, error:Error: xhr poll error
02:53:43   Reconnecting...
02:53:43   Connect_error, error:Error: xhr poll error
02:53:48   Reconnecting...
02:53:48   Connect_error, error:Error: xhr poll error
02:53:53   Reconnecting...
02:53:53   Connect_error, error:Error: xhr poll error
02:53:58   Reconnecting...
02:53:58   Connect_error, error:Error: xhr poll error
02:54:03   Reconnecting...
02:54:03   Connect_error, error:Error: xhr poll error
02:54:08   Reconnecting...
02:54:08   Connect_error, error:Error: xhr poll error
02:54:13   Reconnecting...
02:54:13   Connect_error, error:Error: xhr poll error
02:54:18   Reconnecting...
02:54:18   Connect_error, error:Error: xhr poll error
02:54:23   Reconnecting...
02:54:23   Connect_error, error:Error: xhr poll error
02:54:28   Reconnecting...
02:54:28   Connect_error, error:Error: xhr poll error
02:54:33   Reconnecting...
02:54:33   Connect_error, error:Error: xhr poll error
02:54:38   Reconnecting...
02:54:38   Connect_error, error:Error: xhr poll error
02:54:43   Reconnecting...
02:54:43   Connect_error, error:Error: xhr poll error
02:54:48   Reconnecting...
02:54:48   Connect_error, error:Error: xhr poll error
02:54:53   Reconnecting...
02:54:53   Connect_error, error:Error: xhr poll error
02:54:58   Reconnecting...
02:54:58   Connect_error, error:Error: xhr poll error
02:55:03   Reconnecting...
02:55:03   Connect_error, error:Error: xhr poll error
02:55:08   Reconnecting...
02:55:08   Connect_error, error:Error: xhr poll error
02:55:13   Reconnecting...
02:55:13   Connect_error, error:Error: xhr poll error
02:55:18   Reconnecting...
02:55:18   Connect_error, error:Error: xhr poll error
02:55:23   Reconnecting...
02:55:23   Connect_error, error:Error: xhr poll error
02:55:28   Reconnecting...
02:55:28   Connect_error, error:Error: xhr poll error
02:55:33   Reconnecting...
02:55:33   Connect_error, error:Error: xhr poll error
02:55:38   Reconnecting...
02:55:38   Connect_error, error:Error: xhr poll error
02:55:43   Reconnecting...
02:55:43   Connect_error, error:Error: xhr poll error
02:55:48   Reconnecting...
02:55:48   Connect_error, error:Error: xhr poll error
02:55:53   Reconnecting...
02:55:53   Connect_error, error:Error: xhr poll error
02:55:58   Reconnecting...
02:55:58   Connect_error, error:Error: xhr poll error
02:56:03   Reconnecting...
02:56:03   Connect_error, error:Error: xhr poll error
02:56:08   Reconnecting...
02:56:08   Connect_error, error:Error: xhr poll error
02:56:13   Reconnecting...
02:56:13   Connect_error, error:Error: xhr poll error
02:56:18   Reconnecting...
02:56:18   Connect_error, error:Error: xhr poll error
02:56:23   Reconnecting...
02:56:23   Connect_error, error:Error: xhr poll error
02:56:28   Reconnecting...
02:56:28   Connect_error, error:Error: xhr poll error
02:56:33   Reconnecting...
02:56:33   Connect_error, error:Error: xhr poll error
02:56:38   Reconnecting...
02:56:38   Connect_error, error:Error: xhr poll error
02:56:43   Reconnecting...
02:56:43   Connect_error, error:Error: xhr poll error
02:56:48   Reconnecting...
02:56:48   Connect_error, error:Error: xhr poll error
02:56:53   Reconnecting...
02:56:53   Connect_error, error:Error: xhr poll error
02:56:58   Reconnecting...
02:56:58   Connect_error, error:Error: xhr poll error
02:57:03   Reconnecting...
02:57:03   Connect_error, error:Error: xhr poll error
02:57:08   Reconnecting...
02:57:08   Connect_error, error:Error: xhr poll error
02:57:13   Reconnecting...
02:57:13   Connect_error, error:Error: xhr poll error
02:57:18   Reconnecting...
02:57:18   Connect_error, error:Error: xhr poll error
02:57:23   Reconnecting...
02:57:23   Connect_error, error:Error: xhr poll error
02:57:28   Reconnecting...
02:57:28   Connect_error, error:Error: xhr poll error
02:57:33   Reconnecting...
02:57:33   Connect_error, error:Error: xhr poll error
02:57:38   Reconnecting...
02:57:38   Connect_error, error:Error: xhr poll error
02:57:43   Reconnecting...
02:57:43   Connect_error, error:Error: xhr poll error
02:57:48   Reconnecting...
02:57:48   Connect_error, error:Error: xhr poll error
02:57:53   Reconnecting...
02:57:53   Connect_error, error:Error: xhr poll error
02:57:58   Reconnecting...
02:57:58   Connect_error, error:Error: xhr poll error
02:58:03   Reconnecting...
02:58:03   Connect_error, error:Error: xhr poll error
02:58:08   Reconnecting...
02:58:08   Connect_error, error:Error: xhr poll error
02:58:13   Reconnecting...
02:58:13   Connect_error, error:Error: xhr poll error
02:58:18   Reconnecting...
02:58:18   Connect_error, error:Error: xhr poll error
02:58:23   Reconnecting...
02:58:23   Connect_error, error:Error: xhr poll error
02:58:28   Reconnecting...
02:58:28   Connect_error, error:Error: xhr poll error
02:58:33   Reconnecting...
02:58:33   Connect_error, error:Error: xhr poll error
02:58:38   Reconnecting...
02:58:38   Connect_error, error:Error: xhr poll error
02:58:43   Reconnecting...
02:58:43   Connect_error, error:Error: xhr poll error
02:58:48   Reconnecting...
02:58:48   Connect_error, error:Error: xhr poll error
02:58:53   Reconnecting...
02:58:53   Connect_error, error:Error: xhr poll error
02:58:58   Reconnecting...
02:58:58   Connect_error, error:Error: xhr poll error
02:59:03   Reconnecting...
02:59:03   Connect_error, error:Error: xhr poll error
02:59:08   Reconnecting...
02:59:08   Connect_error, error:Error: xhr poll error
02:59:13   Reconnecting...
02:59:13   Connect_error, error:Error: xhr poll error
02:59:18   Reconnecting...
02:59:18   Connect_error, error:Error: xhr poll error
02:59:23   Reconnecting...
02:59:23   Connect_error, error:Error: xhr poll error
02:59:28   Reconnecting...
02:59:28   Connect_error, error:Error: xhr poll error
02:59:33   Reconnecting...
02:59:33   Connect_error, error:Error: xhr poll error
02:59:38   Reconnecting...
02:59:38   Connect_error, error:Error: xhr poll error
02:59:43   Reconnecting...
02:59:43   Connect_error, error:Error: xhr poll error
02:59:48   Reconnecting...
02:59:48   Connect_error, error:Error: xhr poll error
02:59:53   Reconnecting...
02:59:53   Connect_error, error:Error: xhr poll error
02:59:58   Reconnecting...
02:59:58   Connect_error, error:Error: xhr poll error
03:00:03   Reconnecting...
03:00:03   Connect_error, error:Error: xhr poll error
03:00:08   Reconnecting...
03:00:08   Connect_error, error:Error: xhr poll error
03:00:13   Reconnecting...
03:00:13   Connect_error, error:Error: xhr poll error
03:00:18   Reconnecting...
03:00:18   Connect_error, error:Error: xhr poll error
03:00:23   Reconnecting...
03:00:23   Connect_error, error:Error: xhr poll error
03:00:28   Reconnecting...
03:00:28   Connect_error, error:Error: xhr poll error
03:00:33   Reconnecting...
03:00:33   Connect_error, error:Error: xhr poll error
03:00:38   Reconnecting...
03:00:38   Connect_error, error:Error: xhr poll error
03:00:43   Reconnecting...
03:00:43   Connect_error, error:Error: xhr poll error
03:00:48   Reconnecting...
03:00:48   Connect_error, error:Error: xhr poll error
03:00:53   Reconnecting...
03:00:53   Connect_error, error:Error: xhr poll error
03:00:58   Reconnecting...
03:00:58   Connect_error, error:Error: xhr poll error
03:01:03   Reconnecting...
03:01:03   Connect_error, error:Error: xhr poll error
03:01:08   Reconnecting...
03:01:08   Connect_error, error:Error: xhr poll error
03:01:13   Reconnecting...
03:01:13   Connect_error, error:Error: xhr poll error
03:01:18   Reconnecting...
03:01:18   Connect_error, error:Error: xhr poll error
03:01:23   Reconnecting...
03:01:23   Connect_error, error:Error: xhr poll error
03:01:28   Reconnecting...
03:01:28   Connect_error, error:Error: xhr poll error
03:01:33   Reconnecting...
03:01:33   Connect_error, error:Error: xhr poll error
03:01:38   Reconnecting...
03:01:38   Connect_error, error:Error: xhr poll error
03:01:43   Reconnecting...
03:01:43   Connect_error, error:Error: xhr poll error
03:01:48   Reconnecting...
03:01:48   Connect_error, error:Error: xhr poll error
03:01:53   Reconnecting...
03:01:53   Connect_error, error:Error: xhr poll error
03:01:58   Reconnecting...
03:01:58   Connect_error, error:Error: xhr poll error
03:02:03   Reconnecting...
03:02:03   Connect_error, error:Error: xhr poll error
03:02:08   Reconnecting...
03:02:08   Connect_error, error:Error: xhr poll error
03:02:13   Reconnecting...
03:02:13   Connect_error, error:Error: xhr poll error
03:02:18   Reconnecting...
03:02:18   Connect_error, error:Error: xhr poll error
03:02:23   Reconnecting...
03:02:24   Connect_error, error:Error: xhr poll error
03:02:29   Reconnecting...
03:02:29   Connect_error, error:Error: xhr poll error
03:02:34   Reconnecting...
03:02:34   Connect_error, error:Error: xhr poll error
03:02:39   Reconnecting...
03:02:39   Connect_error, error:Error: xhr poll error
03:02:44   Reconnecting...
03:02:44   Connect_error, error:Error: xhr poll error
03:02:49   Reconnecting...
03:02:49   Connect_error, error:Error: xhr poll error
03:02:54   Reconnecting...
03:02:54   Connect_error, error:Error: xhr poll error
03:02:59   Reconnecting...
03:02:59   Connect_error, error:Error: xhr poll error
03:03:04   Reconnecting...
03:03:04   Connect_error, error:Error: xhr poll error
03:03:09   Reconnecting...
03:03:09   Connect_error, error:Error: xhr poll error
03:03:14   Reconnecting...
03:03:14   Connect_error, error:Error: xhr poll error
03:03:19   Reconnecting...
03:03:19   Connect_error, error:Error: xhr poll error
03:03:24   Reconnecting...
03:03:24   Connect_error, error:Error: xhr poll error
03:03:29   Reconnecting...
03:03:29   Connect_error, error:Error: xhr poll error
03:03:34   Reconnecting...
03:03:34   Connect_error, error:Error: xhr poll error
03:03:39   Reconnecting...
03:03:39   Connect_error, error:Error: xhr poll error
03:03:44   Reconnecting...
03:03:44   Connect_error, error:Error: xhr poll error
03:03:49   Reconnecting...
03:03:49   Connect_error, error:Error: xhr poll error
03:03:54   Reconnecting...
03:03:54   Connect_error, error:Error: xhr poll error
03:03:59   Reconnecting...
03:03:59   Connect_error, error:Error: xhr poll error
03:04:04   Reconnecting...
03:04:04   Connect_error, error:Error: xhr poll error
03:04:09   Reconnecting...
03:04:09   Connect_error, error:Error: xhr poll error
03:04:14   Reconnecting...
03:04:14   Connect_error, error:Error: xhr poll error
03:04:19   Reconnecting...
03:04:19   Connect_error, error:Error: xhr poll error
03:04:24   Reconnecting...
03:04:24   Connect_error, error:Error: xhr poll error
03:04:29   Reconnecting...
03:04:29   Connect_error, error:Error: xhr poll error
03:04:34   Reconnecting...
03:04:34   Connect_error, error:Error: xhr poll error
03:04:39   Reconnecting...
03:04:39   Connect_error, error:Error: xhr poll error
03:04:44   Reconnecting...
03:04:44   Connect_error, error:Error: xhr poll error
03:04:49   Reconnecting...
03:04:49   Connect_error, error:Error: xhr poll error
03:04:54   Reconnecting...
03:04:54   Connect_error, error:Error: xhr poll error
03:04:59   Reconnecting...
03:04:59   Connect_error, error:Error: xhr poll error
03:05:04   Reconnecting...
03:05:04   Connect_error, error:Error: xhr poll error
03:05:09   Reconnecting...
03:05:09   Connect_error, error:Error: xhr poll error
03:05:14   Reconnecting...
03:05:14   Connect_error, error:Error: xhr poll error
03:05:19   Reconnecting...
03:05:19   Connect_error, error:Error: xhr poll error
03:05:24   Reconnecting...
03:05:24   Connect_error, error:Error: xhr poll error
03:05:29   Reconnecting...
03:05:29   Connect_error, error:Error: xhr poll error
03:05:34   Reconnecting...
03:05:34   Connect_error, error:Error: xhr poll error
03:05:39   Reconnecting...
03:05:39   Connect_error, error:Error: xhr poll error
03:05:44   Reconnecting...
03:05:44   Connect_error, error:Error: xhr poll error
03:05:49   Reconnecting...
03:05:49   Connect_error, error:Error: xhr poll error
03:05:54   Reconnecting...
03:05:54   Connect_error, error:Error: xhr poll error
03:05:59   Reconnecting...
03:05:59   Connect_error, error:Error: xhr poll error
03:06:04   Reconnecting...
03:06:04   Connect_error, error:Error: xhr poll error
03:06:09   Reconnecting...
03:06:09   Connect_error, error:Error: xhr poll error
03:06:14   Reconnecting...
03:06:14   Connect_error, error:Error: xhr poll error
03:06:19   Reconnecting...
03:06:19   Connect_error, error:Error: xhr poll error
03:06:24   Reconnecting...
03:06:24   Connect_error, error:Error: xhr poll error
03:06:29   Reconnecting...
03:06:29   Connect_error, error:Error: xhr poll error
03:06:34   Reconnecting...
03:06:34   Connect_error, error:Error: xhr poll error
03:06:39   Reconnecting...
03:06:39   Connect_error, error:Error: xhr poll error
03:06:44   Reconnecting...
03:06:44   Connect_error, error:Error: xhr poll error
03:06:49   Reconnecting...
03:06:49   Connect_error, error:Error: xhr poll error
03:06:54   Reconnecting...
03:06:54   Connect_error, error:Error: xhr poll error
03:06:59   Reconnecting...
03:06:59   Connect_error, error:Error: xhr poll error
03:07:04   Reconnecting...
03:07:04   Connect_error, error:Error: xhr poll error
03:07:09   Reconnecting...
03:07:09   Connect_error, error:Error: xhr poll error
03:07:14   Reconnecting...
03:07:14   Connect_error, error:Error: xhr poll error
03:07:19   Reconnecting...
03:07:19   Connect_error, error:Error: xhr poll error
03:07:24   Reconnecting...
03:07:24   Connect_error, error:Error: xhr poll error
03:07:29   Reconnecting...
03:07:29   Connect_error, error:Error: xhr poll error
03:07:34   Reconnecting...
03:07:34   Connect_error, error:Error: xhr poll error
03:07:39   Reconnecting...
03:07:39   Connect_error, error:Error: xhr poll error
03:07:44   Reconnecting...
03:07:44   Connect_error, error:Error: xhr poll error
03:07:49   Reconnecting...
03:07:49   Connect_error, error:Error: xhr poll error
03:07:54   Reconnecting...
03:07:54   Connect_error, error:Error: xhr poll error
03:07:59   Reconnecting...
03:07:59   Connect_error, error:Error: xhr poll error
03:08:04   Reconnecting...
03:08:04   Connect_error, error:Error: xhr poll error
03:08:09   Reconnecting...
03:08:09   Connect_error, error:Error: xhr poll error
03:08:14   Reconnecting...
03:08:14   Connect_error, error:Error: xhr poll error
03:08:19   Reconnecting...
03:08:19   Connect_error, error:Error: xhr poll error
03:08:24   Reconnecting...
03:08:24   Connect_error, error:Error: xhr poll error
03:08:29   Reconnecting...
03:08:29   Connect_error, error:Error: xhr poll error
03:08:34   Reconnecting...
03:08:34   Connect_error, error:Error: xhr poll error
03:08:39   Reconnecting...
03:08:39   Connect_error, error:Error: xhr poll error
03:08:44   Reconnecting...
03:08:44   Connect_error, error:Error: xhr poll error
03:08:49   Reconnecting...
03:08:49   Connect_error, error:Error: xhr poll error
03:08:54   Reconnecting...
03:08:54   Connect_error, error:Error: xhr poll error
03:08:59   Reconnecting...
03:08:59   Connect_error, error:Error: xhr poll error
03:09:04   Reconnecting...
03:09:04   Connect_error, error:Error: xhr poll error
03:09:09   Reconnecting...
03:09:09   Connect_error, error:Error: xhr poll error
03:09:14   Reconnecting...
03:09:14   Connect_error, error:Error: xhr poll error
03:09:19   Reconnecting...
03:09:19   Connect_error, error:Error: xhr poll error
03:09:24   Reconnecting...
03:09:24   Connect_error, error:Error: xhr poll error
03:09:29   Reconnecting...
03:09:29   Connect_error, error:Error: xhr poll error
03:09:34   Reconnecting...
03:09:34   Connect_error, error:Error: xhr poll error
03:09:39   Reconnecting...
03:09:39   Connect_error, error:Error: xhr poll error
03:09:44   Reconnecting...
03:09:44   Connect_error, error:Error: xhr poll error
03:09:49   Reconnecting...
03:09:49   Connect_error, error:Error: xhr poll error
03:09:54   Reconnecting...
03:09:54   Connect_error, error:Error: xhr poll error
03:09:59   Reconnecting...
03:09:59   Connect_error, error:Error: xhr poll error
03:10:04   Reconnecting...
03:10:04   Connect_error, error:Error: xhr poll error
03:10:09   Reconnecting...
03:10:09   Connect_error, error:Error: xhr poll error
03:10:14   Reconnecting...
03:10:14   Connect_error, error:Error: xhr poll error
03:10:19   Reconnecting...
03:10:19   Connect_error, error:Error: xhr poll error
03:10:24   Reconnecting...
03:10:24   Connect_error, error:Error: xhr poll error
03:10:29   Reconnecting...
03:10:29   Connect_error, error:Error: xhr poll error
03:10:34   Reconnecting...
03:10:34   Connect_error, error:Error: xhr poll error
03:10:39   Reconnecting...
03:10:39   Connect_error, error:Error: xhr poll error
03:10:44   Reconnecting...
03:10:44   Connect_error, error:Error: xhr poll error
03:10:49   Reconnecting...
03:10:49   Connect_error, error:Error: xhr poll error
03:10:54   Reconnecting...
03:10:54   Connect_error, error:Error: xhr poll error
03:10:59   Reconnecting...
03:10:59   Connect_error, error:Error: xhr poll error
03:11:04   Reconnecting...
03:11:04   Connect_error, error:Error: xhr poll error
03:11:09   Reconnecting...
03:11:09   Connect_error, error:Error: xhr poll error
03:11:14   Reconnecting...
03:11:14   Connect_error, error:Error: xhr poll error
03:11:19   Reconnecting...
03:11:19   Connect_error, error:Error: xhr poll error
03:11:24   Reconnecting...
03:11:24   Connect_error, error:Error: xhr poll error
03:11:29   Reconnecting...
03:11:29   Connect_error, error:Error: xhr poll error
03:11:34   Reconnecting...
03:11:34   Connect_error, error:Error: xhr poll error
03:11:40   Reconnecting...
03:11:40   Connect_error, error:Error: xhr poll error
03:11:45   Reconnecting...
03:11:45   Connect_error, error:Error: xhr poll error
03:11:50   Reconnecting...
03:11:50   Connect_error, error:Error: xhr poll error
03:11:55   Reconnecting...
03:11:55   Connect_error, error:Error: xhr poll error
03:12:00   Reconnecting...
03:12:00   Connect_error, error:Error: xhr poll error
03:12:05   Reconnecting...
03:12:05   Connect_error, error:Error: xhr poll error
03:12:10   Reconnecting...
03:12:10   Connect_error, error:Error: xhr poll error
03:12:15   Reconnecting...
03:12:15   Connect_error, error:Error: xhr poll error
03:12:20   Reconnecting...
03:12:20   Connect_error, error:Error: xhr poll error
03:12:25   Reconnecting...
03:12:25   Connect_error, error:Error: xhr poll error
03:12:30   Reconnecting...
03:12:30   Connect_error, error:Error: xhr poll error
03:12:35   Reconnecting...
03:12:35   Connect_error, error:Error: xhr poll error
03:12:40   Reconnecting...
03:12:40   Connect_error, error:Error: xhr poll error
03:12:45   Reconnecting...
03:12:45   Connect_error, error:Error: xhr poll error
03:12:50   Reconnecting...
03:12:50   Connect_error, error:Error: xhr poll error
03:12:55   Reconnecting...
03:12:55   Connect_error, error:Error: xhr poll error
03:13:00   Reconnecting...
03:13:00   Connect_error, error:Error: xhr poll error
03:13:05   Reconnecting...
03:13:05   Connect_error, error:Error: xhr poll error
03:13:10   Reconnecting...
03:13:10   Connect_error, error:Error: xhr poll error
03:13:15   Reconnecting...
03:13:15   Connect_error, error:Error: xhr poll error
03:13:20   Reconnecting...
03:13:20   Connect_error, error:Error: xhr poll error
03:13:25   Reconnecting...
03:13:25   Connect_error, error:Error: xhr poll error
03:13:30   Reconnecting...
03:13:30   Connect_error, error:Error: xhr poll error
03:13:35   Reconnecting...
03:13:35   Connect_error, error:Error: xhr poll error
03:13:40   Reconnecting...
03:13:40   Connect_error, error:Error: xhr poll error
03:13:45   Reconnecting...
03:13:45   Connect_error, error:Error: xhr poll error
03:13:50   Reconnecting...
03:13:50   Connect_error, error:Error: xhr poll error
03:13:55   Reconnecting...
03:13:55   Connect_error, error:Error: xhr poll error
03:14:00   Reconnecting...
03:14:00   Connect_error, error:Error: xhr poll error
03:14:05   Reconnecting...
03:14:05   Connect_error, error:Error: xhr poll error
03:14:10   Reconnecting...
03:14:10   Connect_error, error:Error: xhr poll error
03:14:15   Reconnecting...
03:14:15   Connect_error, error:Error: xhr poll error
03:14:20   Reconnecting...
03:14:20   Connect_error, error:Error: xhr poll error
03:14:25   Reconnecting...
03:14:25   Connect_error, error:Error: xhr poll error
03:14:30   Reconnecting...
03:14:30   Connect_error, error:Error: xhr poll error
03:14:35   Reconnecting...
03:14:35   Connect_error, error:Error: xhr poll error
03:14:40   Reconnecting...
03:14:40   Connect_error, error:Error: xhr poll error
03:14:45   Reconnecting...
03:14:45   Connect_error, error:Error: xhr poll error
03:14:50   Reconnecting...
03:14:50   Connect_error, error:Error: xhr poll error
03:14:55   Reconnecting...
03:14:55   Connect_error, error:Error: xhr poll error
03:15:00   Reconnecting...
03:15:00   Connect_error, error:Error: xhr poll error
03:15:05   Reconnecting...
03:15:05   Connect_error, error:Error: xhr poll error
03:15:10   Reconnecting...
03:15:10   Connect_error, error:Error: xhr poll error
03:15:15   Reconnecting...
03:15:15   Connect_error, error:Error: xhr poll error
03:15:20   Reconnecting...
03:15:20   Connect_error, error:Error: xhr poll error
03:15:25   Reconnecting...
03:15:25   Connect_error, error:Error: xhr poll error
03:15:30   Reconnecting...
03:15:30   Connect_error, error:Error: xhr poll error
03:15:35   Reconnecting...
03:15:35   Connect_error, error:Error: xhr poll error
03:15:40   Reconnecting...
03:15:40   Connect_error, error:Error: xhr poll error
03:15:45   Reconnecting...
03:15:45   Connect_error, error:Error: xhr poll error
03:15:50   Reconnecting...
03:15:50   Connect_error, error:Error: xhr poll error
03:15:55   Reconnecting...
03:15:55   Connect_error, error:Error: xhr poll error
03:16:00   Reconnecting...
03:16:00   Connect_error, error:Error: xhr poll error
03:16:05   Reconnecting...
03:16:05   Connect_error, error:Error: xhr poll error
03:16:10   Reconnecting...
03:16:10   Connect_error, error:Error: xhr poll error
03:16:15   Reconnecting...
03:16:15   Connect_error, error:Error: xhr poll error
03:16:20   Reconnecting...
03:16:20   Connect_error, error:Error: xhr poll error
03:16:25   Reconnecting...
03:16:25   Connect_error, error:Error: xhr poll error
03:16:30   Reconnecting...
03:16:30   Connect_error, error:Error: xhr poll error
03:16:35   Reconnecting...
03:16:35   Connect_error, error:Error: xhr poll error
03:16:40   Reconnecting...
03:16:40   Connect_error, error:Error: xhr poll error
03:16:45   Reconnecting...
03:16:45   Connect_error, error:Error: xhr poll error
03:16:50   Reconnecting...
03:16:50   Connect_error, error:Error: xhr poll error
03:16:55   Reconnecting...
03:16:55   Connect_error, error:Error: xhr poll error
03:17:00   Reconnecting...
03:17:00   Connect_error, error:Error: xhr poll error
03:17:05   Reconnecting...
03:17:05   Connect_error, error:Error: xhr poll error
03:17:10   Reconnecting...
03:17:10   Connect_error, error:Error: xhr poll error
03:17:15   Reconnecting...
03:17:15   Connect_error, error:Error: xhr poll error
03:17:20   Reconnecting...
03:17:20   Connect_error, error:Error: xhr poll error
03:17:25   Reconnecting...
03:17:25   Connect_error, error:Error: xhr poll error
03:17:30   Reconnecting...
03:17:30   Connect_error, error:Error: xhr poll error
03:17:35   Reconnecting...
03:17:35   Connect_error, error:Error: xhr poll error
03:17:40   Reconnecting...
03:17:40   Connect_error, error:Error: xhr poll error
03:17:45   Reconnecting...
03:17:45   Connect_error, error:Error: xhr poll error
03:17:50   Reconnecting...
03:17:50   Connect_error, error:Error: xhr poll error
03:17:55   Reconnecting...
03:17:55   Connect_error, error:Error: xhr poll error
03:18:00   Reconnecting...
03:18:00   Connect_error, error:Error: xhr poll error
03:18:05   Reconnecting...
03:18:05   Connect_error, error:Error: xhr poll error
03:18:10   Reconnecting...
03:18:10   Connect_error, error:Error: xhr poll error
03:18:15   Reconnecting...
03:18:15   Connect_error, error:Error: xhr poll error
03:18:20   Reconnecting...
03:18:20   Connect_error, error:Error: xhr poll error
03:18:25   Reconnecting...
03:18:25   Connect_error, error:Error: xhr poll error
03:18:30   Reconnecting...
03:18:30   Connect_error, error:Error: xhr poll error
03:18:35   Reconnecting...
03:18:35   Connect_error, error:Error: xhr poll error
03:18:40   Reconnecting...
03:18:40   Connect_error, error:Error: xhr poll error
03:18:45   Reconnecting...
03:18:45   Connect_error, error:Error: xhr poll error
03:18:50   Reconnecting...
03:18:50   Connect_error, error:Error: xhr poll error
03:18:55   Reconnecting...
03:18:55   Connect_error, error:Error: xhr poll error
03:19:00   Reconnecting...
03:19:00   Connect_error, error:Error: xhr poll error
03:19:05   Reconnecting...
03:19:05   Connect_error, error:Error: xhr poll error
03:19:10   Reconnecting...
03:19:10   Connect_error, error:Error: xhr poll error
03:19:15   Reconnecting...
03:19:15   Connect_error, error:Error: xhr poll error
03:19:20   Reconnecting...
03:19:20   Connect_error, error:Error: xhr poll error
03:19:25   Reconnecting...
03:19:25   Connect_error, error:Error: xhr poll error
03:19:30   Reconnecting...
03:19:30   Connect_error, error:Error: xhr poll error
03:19:35   Reconnecting...
03:19:35   Connect_error, error:Error: xhr poll error
03:19:40   Reconnecting...
03:19:40   Connect_error, error:Error: xhr poll error
03:19:45   Reconnecting...
03:19:45   Connect_error, error:Error: xhr poll error
03:19:50   Reconnecting...
03:19:50   Connect_error, error:Error: xhr poll error
03:19:55   Reconnecting...
03:19:55   Connect_error, error:Error: xhr poll error
03:20:00   Reconnecting...
03:20:00   Connect_error, error:Error: xhr poll error
03:20:05   Reconnecting...
03:20:05   Connect_error, error:Error: xhr poll error
03:20:10   Reconnecting...
03:20:10   Connect_error, error:Error: xhr poll error
03:20:15   Reconnecting...
03:20:15   Connect_error, error:Error: xhr poll error
03:20:20   Reconnecting...
03:20:20   Connect_error, error:Error: xhr poll error
03:20:25   Reconnecting...
03:20:25   Connect_error, error:Error: xhr poll error
03:20:30   Reconnecting...
03:20:30   Connect_error, error:Error: xhr poll error
03:20:35   Reconnecting...
03:20:35   Connect_error, error:Error: xhr poll error
03:20:40   Reconnecting...
03:20:40   Connect_error, error:Error: xhr poll error
03:20:45   Reconnecting...
03:20:45   Connect_error, error:Error: xhr poll error
03:20:50   Reconnecting...
03:20:50   Connect_error, error:Error: xhr poll error
03:20:55   Reconnecting...
03:20:55   Connect_error, error:Error: xhr poll error
03:21:00   Reconnecting...
03:21:00   Connect_error, error:Error: xhr poll error
03:21:05   Reconnecting...
03:21:05   Connect_error, error:Error: xhr poll error
03:21:10   Reconnecting...
03:21:10   Connect_error, error:Error: xhr poll error
03:21:15   Reconnecting...
03:21:15   Connect_error, error:Error: xhr poll error
03:21:20   Reconnecting...
03:21:20   Connect_error, error:Error: xhr poll error
03:21:25   Reconnecting...
03:21:25   Connect_error, error:Error: xhr poll error
03:21:30   Reconnecting...
03:21:30   Connect_error, error:Error: xhr poll error
03:21:35   Reconnecting...
03:21:35   Connect_error, error:Error: xhr poll error
03:21:40   Reconnecting...
03:21:40   Connect_error, error:Error: xhr poll error
03:21:45   Reconnecting...
03:21:45   Connect_error, error:Error: xhr poll error
03:21:50   Reconnecting...
03:21:50   Connect_error, error:Error: xhr poll error
03:21:55   Reconnecting...
03:21:55   Connect_error, error:Error: xhr poll error
03:22:00   Reconnecting...
03:22:00   Connect_error, error:Error: xhr poll error
03:22:05   Reconnecting...
03:22:05   Connect_error, error:Error: xhr poll error
03:22:10   Reconnecting...
03:22:10   Connect_error, error:Error: xhr poll error
03:22:15   Reconnecting...
03:22:15   Connect_error, error:Error: xhr poll error
03:22:20   Reconnecting...
03:22:20   Connect_error, error:Error: xhr poll error
03:22:25   Reconnecting...
03:22:26   Connect_error, error:Error: xhr poll error
03:22:31   Reconnecting...
03:22:31   Connect_error, error:Error: xhr poll error
03:22:36   Reconnecting...
03:22:36   Connect_error, error:Error: xhr poll error
03:22:41   Reconnecting...
03:22:41   Connect_error, error:Error: xhr poll error
03:22:46   Reconnecting...
03:22:46   Connect_error, error:Error: xhr poll error
03:22:51   Reconnecting...
03:22:51   Connect_error, error:Error: xhr poll error
03:22:56   Reconnecting...
03:22:56   Connect_error, error:Error: xhr poll error
03:23:01   Reconnecting...
03:23:01   Connect_error, error:Error: xhr poll error
03:23:06   Reconnecting...
03:23:06   Connect_error, error:Error: xhr poll error
03:23:11   Reconnecting...
03:23:11   Connect_error, error:Error: xhr poll error
03:23:16   Reconnecting...
03:23:16   Connect_error, error:Error: xhr poll error
03:23:21   Reconnecting...
03:23:21   Connect_error, error:Error: xhr poll error
03:23:26   Reconnecting...
03:23:26   Connect_error, error:Error: xhr poll error
03:23:31   Reconnecting...
03:23:31   Connect_error, error:Error: xhr poll error
03:23:36   Reconnecting...
03:23:36   Connect_error, error:Error: xhr poll error
03:23:41   Reconnecting...
03:23:41   Connect_error, error:Error: xhr poll error
03:23:46   Reconnecting...
03:23:46   Connect_error, error:Error: xhr poll error
03:23:51   Reconnecting...
03:23:51   Connect_error, error:Error: xhr poll error
03:23:56   Reconnecting...
03:23:56   Connect_error, error:Error: xhr poll error
03:24:01   Reconnecting...
03:24:01   Connect_error, error:Error: xhr poll error
03:24:06   Reconnecting...
03:24:06   Connect_error, error:Error: xhr poll error
03:24:11   Reconnecting...
03:24:11   Connect_error, error:Error: xhr poll error
03:24:16   Reconnecting...
03:24:16   Connect_error, error:Error: xhr poll error
03:24:21   Reconnecting...
03:24:21   Connect_error, error:Error: xhr poll error
03:24:26   Reconnecting...
03:24:26   Connect_error, error:Error: xhr poll error
03:24:31   Reconnecting...
03:24:31   Connect_error, error:Error: xhr poll error
03:24:36   Reconnecting...
03:24:36   Connect_error, error:Error: xhr poll error
03:24:41   Reconnecting...
03:24:41   Connect_error, error:Error: xhr poll error
03:24:46   Reconnecting...
03:24:46   Connect_error, error:Error: xhr poll error
03:24:51   Reconnecting...
03:24:51   Connect_error, error:Error: xhr poll error
03:24:56   Reconnecting...
03:24:56   Connect_error, error:Error: xhr poll error
03:25:01   Reconnecting...
03:25:01   Connect_error, error:Error: xhr poll error
03:25:06   Reconnecting...
03:25:06   Connect_error, error:Error: xhr poll error
03:25:11   Reconnecting...
03:25:11   Connect_error, error:Error: xhr poll error
03:25:16   Reconnecting...
03:25:16   Connect_error, error:Error: xhr poll error
03:25:21   Reconnecting...
03:25:21   Connect_error, error:Error: xhr poll error
03:25:26   Reconnecting...
03:25:26   Connect_error, error:Error: xhr poll error
03:25:31   Reconnecting...
03:25:31   Connect_error, error:Error: xhr poll error
03:25:36   Reconnecting...
03:25:36   Connect_error, error:Error: xhr poll error
03:25:41   Reconnecting...
03:25:41   Connect_error, error:Error: xhr poll error
03:25:46   Reconnecting...
03:25:46   Connect_error, error:Error: xhr poll error
03:25:51   Reconnecting...
03:25:51   Connect_error, error:Error: xhr poll error
03:25:56   Reconnecting...
03:25:56   Connect_error, error:Error: xhr poll error
03:26:01   Reconnecting...
03:26:01   Connect_error, error:Error: xhr poll error
03:26:06   Reconnecting...
03:26:06   Connect_error, error:Error: xhr poll error
03:26:11   Reconnecting...
03:26:11   Connect_error, error:Error: xhr poll error
03:26:16   Reconnecting...
03:26:16   Connect_error, error:Error: xhr poll error
03:26:21   Reconnecting...
03:26:21   Connect_error, error:Error: xhr poll error
03:26:26   Reconnecting...
03:26:26   Connect_error, error:Error: xhr poll error
03:26:31   Reconnecting...
03:26:31   Connect_error, error:Error: xhr poll error
03:26:36   Reconnecting...
03:26:36   Connect_error, error:Error: xhr poll error
03:26:41   Reconnecting...
03:26:41   Connect_error, error:Error: xhr poll error
03:26:46   Reconnecting...
03:26:46   Connect_error, error:Error: xhr poll error
03:26:51   Reconnecting...
03:26:51   Connect_error, error:Error: xhr poll error
03:26:56   Reconnecting...
03:26:56   Connect_error, error:Error: xhr poll error
03:27:01   Reconnecting...
03:27:01   Connect_error, error:Error: xhr poll error
03:27:06   Reconnecting...
03:27:06   Connect_error, error:Error: xhr poll error
03:27:11   Reconnecting...
03:27:11   Connect_error, error:Error: xhr poll error
03:27:16   Reconnecting...
03:27:16   Connect_error, error:Error: xhr poll error
03:27:21   Reconnecting...
03:27:21   Connect_error, error:Error: xhr poll error
03:27:26   Reconnecting...
03:27:26   Connect_error, error:Error: xhr poll error
03:27:31   Reconnecting...
03:27:31   Connect_error, error:Error: xhr poll error
03:27:36   Reconnecting...
03:27:36   Connect_error, error:Error: xhr poll error
03:27:41   Reconnecting...
03:27:41   Connect_error, error:Error: xhr poll error
03:27:46   Reconnecting...
03:27:46   Connect_error, error:Error: xhr poll error
03:27:51   Reconnecting...
03:27:51   Connect_error, error:Error: xhr poll error
03:27:56   Reconnecting...
03:27:56   Connect_error, error:Error: xhr poll error
03:28:01   Reconnecting...
03:28:01   Connect_error, error:Error: xhr poll error
03:28:06   Reconnecting...
03:28:06   Connect_error, error:Error: xhr poll error
03:28:11   Reconnecting...
03:28:11   Connect_error, error:Error: xhr poll error
03:28:16   Reconnecting...
03:28:16   Connect_error, error:Error: xhr poll error
03:28:21   Reconnecting...
03:28:21   Connect_error, error:Error: xhr poll error
03:28:26   Reconnecting...
03:28:26   Connect_error, error:Error: xhr poll error
03:28:31   Reconnecting...
03:28:31   Connect_error, error:Error: xhr poll error
03:28:36   Reconnecting...
03:28:36   Connect_error, error:Error: xhr poll error
03:28:41   Reconnecting...
03:28:41   Connect_error, error:Error: xhr poll error
03:28:46   Reconnecting...
03:28:46   Connect_error, error:Error: xhr poll error
03:28:51   Reconnecting...
03:28:51   Connect_error, error:Error: xhr poll error
03:28:56   Reconnecting...
03:28:56   Connect_error, error:Error: xhr poll error
03:29:01   Reconnecting...
03:29:01   Connect_error, error:Error: xhr poll error
03:29:06   Reconnecting...
03:29:06   Connect_error, error:Error: xhr poll error
03:29:11   Reconnecting...
03:29:11   Connect_error, error:Error: xhr poll error
03:29:16   Reconnecting...
03:29:16   Connect_error, error:Error: xhr poll error
03:29:21   Reconnecting...
03:29:21   Connect_error, error:Error: xhr poll error
03:29:26   Reconnecting...
03:29:26   Connect_error, error:Error: xhr poll error
03:29:31   Reconnecting...
03:29:31   Connect_error, error:Error: xhr poll error
03:29:36   Reconnecting...
03:29:36   Connect_error, error:Error: xhr poll error
03:29:41   Reconnecting...
03:29:41   Connect_error, error:Error: xhr poll error
03:29:46   Reconnecting...
03:29:46   Connect_error, error:Error: xhr poll error
03:29:51   Reconnecting...
03:29:51   Connect_error, error:Error: xhr poll error
03:29:56   Reconnecting...
03:29:56   Connect_error, error:Error: xhr poll error
03:30:01   Reconnecting...
03:30:01   Connect_error, error:Error: xhr poll error
03:30:06   Reconnecting...
03:30:06   Connect_error, error:Error: xhr poll error
03:30:11   Reconnecting...
03:30:11   Connect_error, error:Error: xhr poll error
03:30:16   Reconnecting...
03:30:16   Connect_error, error:Error: xhr poll error
03:30:21   Reconnecting...
03:30:21   Connect_error, error:Error: xhr poll error
03:30:26   Reconnecting...
03:30:26   Connect_error, error:Error: xhr poll error
03:30:31   Reconnecting...
03:30:31   Connect_error, error:Error: xhr poll error
03:30:36   Reconnecting...
03:30:36   Connect_error, error:Error: xhr poll error
03:30:41   Reconnecting...
03:30:41   Connect_error, error:Error: xhr poll error
03:30:46   Reconnecting...
03:30:46   Connect_error, error:Error: xhr poll error
03:30:51   Reconnecting...
03:30:51   Connect_error, error:Error: xhr poll error
03:30:56   Reconnecting...
03:30:56   Connect_error, error:Error: xhr poll error
03:31:01   Reconnecting...
03:31:01   Connect_error, error:Error: xhr poll error
03:31:06   Reconnecting...
03:31:06   Connect_error, error:Error: xhr poll error
03:31:11   Reconnecting...
03:31:11   Connect_error, error:Error: xhr poll error
03:31:16   Reconnecting...
03:31:16   Connect_error, error:Error: xhr poll error
03:31:21   Reconnecting...
03:31:21   Connect_error, error:Error: xhr poll error
03:31:26   Reconnecting...
03:31:26   Connect_error, error:Error: xhr poll error
03:31:31   Reconnecting...
03:31:31   Connect_error, error:Error: xhr poll error
03:31:36   Reconnecting...
03:31:36   Connect_error, error:Error: xhr poll error
03:31:41   Reconnecting...
03:31:41   Connect_error, error:Error: xhr poll error
03:31:46   Reconnecting...
03:31:46   Connect_error, error:Error: xhr poll error
03:31:51   Reconnecting...
03:31:51   Connect_error, error:Error: xhr poll error
03:31:56   Reconnecting...
03:31:56   Connect_error, error:Error: xhr poll error
03:32:01   Reconnecting...
03:32:01   Connect_error, error:Error: xhr poll error
03:32:06   Reconnecting...
03:32:06   Connect_error, error:Error: xhr poll error
03:32:11   Reconnecting...
03:32:11   Connect_error, error:Error: xhr poll error
03:32:16   Reconnecting...
03:32:16   Connect_error, error:Error: xhr poll error
03:32:21   Reconnecting...
03:32:21   Connect_error, error:Error: xhr poll error
03:32:26   Reconnecting...
03:32:26   Connect_error, error:Error: xhr poll error
03:32:31   Reconnecting...
03:32:31   Connect_error, error:Error: xhr poll error
03:32:36   Reconnecting...
03:32:36   Connect_error, error:Error: xhr poll error
03:32:41   Reconnecting...
03:32:41   Connect_error, error:Error: xhr poll error
03:32:46   Reconnecting...
03:32:46   Connect_error, error:Error: xhr poll error
03:32:51   Reconnecting...
03:32:51   Connect_error, error:Error: xhr poll error
03:32:56   Reconnecting...
03:32:56   Connect_error, error:Error: xhr poll error
03:33:01   Reconnecting...
03:33:01   Connect_error, error:Error: xhr poll error
03:33:06   Reconnecting...
03:33:06   Connect_error, error:Error: xhr poll error
03:33:11   Reconnecting...
03:33:11   Connect_error, error:Error: xhr poll error
03:33:16   Reconnecting...
03:33:16   Connect_error, error:Error: xhr poll error
03:33:21   Reconnecting...
03:33:21   Connect_error, error:Error: xhr poll error
03:33:26   Reconnecting...
03:33:26   Connect_error, error:Error: xhr poll error
03:33:31   Reconnecting...
03:33:32   Connect_error, error:Error: xhr poll error
03:33:37   Reconnecting...
03:33:37   Connect_error, error:Error: xhr poll error
03:33:42   Reconnecting...
03:33:42   Connect_error, error:Error: xhr poll error
03:33:47   Reconnecting...
03:33:47   Connect_error, error:Error: xhr poll error
03:33:52   Reconnecting...
03:33:52   Connect_error, error:Error: xhr poll error
03:33:57   Reconnecting...
03:33:57   Connect_error, error:Error: xhr poll error
03:34:02   Reconnecting...
03:34:02   Connect_error, error:Error: xhr poll error
03:34:07   Reconnecting...
03:34:07   Connect_error, error:Error: xhr poll error
03:34:12   Reconnecting...
03:34:12   Connect_error, error:Error: xhr poll error
03:34:17   Reconnecting...
03:34:17   Connect_error, error:Error: xhr poll error
03:34:22   Reconnecting...
03:34:22   Connect_error, error:Error: xhr poll error
03:34:27   Reconnecting...
03:34:27   Connect_error, error:Error: xhr poll error
03:34:32   Reconnecting...
03:34:32   Connect_error, error:Error: xhr poll error
03:34:37   Reconnecting...
03:34:37   Connect_error, error:Error: xhr poll error
03:34:42   Reconnecting...
03:34:42   Connect_error, error:Error: xhr poll error
03:34:47   Reconnecting...
03:34:47   Connect_error, error:Error: xhr poll error
03:34:52   Reconnecting...
03:34:52   Connect_error, error:Error: xhr poll error
03:34:57   Reconnecting...
03:34:57   Connect_error, error:Error: xhr poll error
03:35:02   Reconnecting...
03:35:02   Connect_error, error:Error: xhr poll error
03:35:07   Reconnecting...
03:35:07   Connect_error, error:Error: xhr poll error
03:35:12   Reconnecting...
03:35:12   Connect_error, error:Error: xhr poll error
03:35:17   Reconnecting...
03:35:17   Connect_error, error:Error: xhr poll error
03:35:22   Reconnecting...
03:35:22   Connect_error, error:Error: xhr poll error
03:35:27   Reconnecting...
03:35:27   Connect_error, error:Error: xhr poll error
03:35:32   Reconnecting...
03:35:32   Connect_error, error:Error: xhr poll error
03:35:37   Reconnecting...
03:35:37   Connect_error, error:Error: xhr poll error
03:35:42   Reconnecting...
03:35:42   Connect_error, error:Error: xhr poll error
03:35:47   Reconnecting...
03:35:47   Connect_error, error:Error: xhr poll error
03:35:52   Reconnecting...
03:35:52   Connect_error, error:Error: xhr poll error
03:35:57   Reconnecting...
03:35:57   Connect_error, error:Error: xhr poll error
03:36:02   Reconnecting...
03:36:02   Connect_error, error:Error: xhr poll error
03:36:07   Reconnecting...
03:36:07   Connect_error, error:Error: xhr poll error
03:36:12   Reconnecting...
03:36:12   Connect_error, error:Error: xhr poll error
03:36:17   Reconnecting...
03:36:17   Connect_error, error:Error: xhr poll error
03:36:22   Reconnecting...
03:36:22   Connect_error, error:Error: xhr poll error
03:36:27   Reconnecting...
03:36:27   Connect_error, error:Error: xhr poll error
03:36:32   Reconnecting...
03:36:32   Connect_error, error:Error: xhr poll error
03:36:37   Reconnecting...
03:36:37   Connect_error, error:Error: xhr poll error
03:36:42   Reconnecting...
03:36:42   Connect_error, error:Error: xhr poll error
03:36:47   Reconnecting...
03:36:47   Connect_error, error:Error: xhr poll error
03:36:52   Reconnecting...
03:36:52   Connect_error, error:Error: xhr poll error
03:36:57   Reconnecting...
03:36:57   Connect_error, error:Error: xhr poll error
03:37:02   Reconnecting...
03:37:02   Connect_error, error:Error: xhr poll error
03:37:07   Reconnecting...
03:37:07   Connect_error, error:Error: xhr poll error
03:37:12   Reconnecting...
03:37:12   Connect_error, error:Error: xhr poll error
03:37:17   Reconnecting...
03:37:17   Connect_error, error:Error: xhr poll error
03:37:22   Reconnecting...
03:37:22   Connect_error, error:Error: xhr poll error
03:37:27   Reconnecting...
03:37:27   Connect_error, error:Error: xhr poll error
03:37:32   Reconnecting...
03:37:32   Connect_error, error:Error: xhr poll error
03:37:37   Reconnecting...
03:37:37   Connect_error, error:Error: xhr poll error
03:37:42   Reconnecting...
03:37:42   Connect_error, error:Error: xhr poll error
03:37:47   Reconnecting...
03:37:47   Connect_error, error:Error: xhr poll error
03:37:52   Reconnecting...
03:37:52   Connect_error, error:Error: xhr poll error
03:37:57   Reconnecting...
03:37:57   Connect_error, error:Error: xhr poll error
03:38:02   Reconnecting...
03:38:02   Connect_error, error:Error: xhr poll error
03:38:07   Reconnecting...
03:38:07   Connect_error, error:Error: xhr poll error
03:38:12   Reconnecting...
03:38:12   Connect_error, error:Error: xhr poll error
03:38:17   Reconnecting...
03:38:17   Connect_error, error:Error: xhr poll error
03:38:22   Reconnecting...
03:38:22   Connect_error, error:Error: xhr poll error
03:38:27   Reconnecting...
03:38:27   Connect_error, error:Error: xhr poll error
03:38:32   Reconnecting...
03:38:32   Connect_error, error:Error: xhr poll error
03:38:37   Reconnecting...
03:38:37   Connect_error, error:Error: xhr poll error
03:38:42   Reconnecting...
03:38:42   Connect_error, error:Error: xhr poll error
03:38:47   Reconnecting...
03:38:47   Connect_error, error:Error: xhr poll error
03:38:52   Reconnecting...
03:38:52   Connect_error, error:Error: xhr poll error
03:38:57   Reconnecting...
03:38:57   Connect_error, error:Error: xhr poll error
03:39:02   Reconnecting...
03:39:02   Connect_error, error:Error: xhr poll error
03:39:07   Reconnecting...
03:39:07   Connect_error, error:Error: xhr poll error
03:39:12   Reconnecting...
03:39:12   Connect_error, error:Error: xhr poll error
03:39:17   Reconnecting...
03:39:17   Connect_error, error:Error: xhr poll error
03:39:22   Reconnecting...
03:39:22   Connect_error, error:Error: xhr poll error
03:39:27   Reconnecting...
03:39:27   Connect_error, error:Error: xhr poll error
03:39:32   Reconnecting...
03:39:32   Connect_error, error:Error: xhr poll error
03:39:37   Reconnecting...
03:39:37   Connect_error, error:Error: xhr poll error
03:39:42   Reconnecting...
03:39:42   Connect_error, error:Error: xhr poll error
03:39:47   Reconnecting...
03:39:47   Connect_error, error:Error: xhr poll error
03:39:52   Reconnecting...
03:39:52   Connect_error, error:Error: xhr poll error
03:39:57   Reconnecting...
03:39:57   Connect_error, error:Error: xhr poll error
03:40:02   Reconnecting...
03:40:02   Connect_error, error:Error: xhr poll error
03:40:07   Reconnecting...
03:40:07   Connect_error, error:Error: xhr poll error
03:40:12   Reconnecting...
03:40:12   Connect_error, error:Error: xhr poll error
03:40:17   Reconnecting...
03:40:17   Connect_error, error:Error: xhr poll error
03:40:22   Reconnecting...
03:40:22   Connect_error, error:Error: xhr poll error
03:40:27   Reconnecting...
03:40:27   Connect_error, error:Error: xhr poll error
03:40:32   Reconnecting...
03:40:32   Connect_error, error:Error: xhr poll error
03:40:37   Reconnecting...
03:40:37   Connect_error, error:Error: xhr poll error
03:40:42   Reconnecting...
03:40:42   Connect_error, error:Error: xhr poll error
03:40:47   Reconnecting...
03:40:47   Connect_error, error:Error: xhr poll error
03:40:52   Reconnecting...
03:40:52   Connect_error, error:Error: xhr poll error
03:40:57   Reconnecting...
03:40:57   Connect_error, error:Error: xhr poll error
03:41:02   Reconnecting...
03:41:02   Connect_error, error:Error: xhr poll error
03:41:07   Reconnecting...
03:41:07   Connect_error, error:Error: xhr poll error
03:41:12   Reconnecting...
03:41:12   Connect_error, error:Error: xhr poll error
03:41:17   Reconnecting...
03:41:17   Connect_error, error:Error: xhr poll error
03:41:22   Reconnecting...
03:41:22   Connect_error, error:Error: xhr poll error
03:41:27   Reconnecting...
03:41:27   Connect_error, error:Error: xhr poll error
03:41:32   Reconnecting...
03:41:32   Connect_error, error:Error: xhr poll error
03:41:37   Reconnecting...
03:41:37   Connect_error, error:Error: xhr poll error
03:41:42   Reconnecting...
03:41:42   Connect_error, error:Error: xhr poll error
03:41:47   Reconnecting...
03:41:47   Connect_error, error:Error: xhr poll error
03:41:52   Reconnecting...
03:41:52   Connect_error, error:Error: xhr poll error
03:41:57   Reconnecting...
03:41:57   Connect_error, error:Error: xhr poll error
03:42:02   Reconnecting...
03:42:02   Connect_error, error:Error: xhr poll error
03:42:07   Reconnecting...
03:42:07   Connect_error, error:Error: xhr poll error
03:42:12   Reconnecting...
03:42:12   Connect_error, error:Error: xhr poll error
03:42:17   Reconnecting...
03:42:17   Connect_error, error:Error: xhr poll error
03:42:22   Reconnecting...
03:42:22   Connect_error, error:Error: xhr poll error
03:42:27   Reconnecting...
03:42:27   Connect_error, error:Error: xhr poll error
03:42:33   Reconnecting...
03:42:33   Connect_error, error:Error: xhr poll error
03:42:38   Reconnecting...
03:42:38   Connect_error, error:Error: xhr poll error
03:42:43   Reconnecting...
03:42:43   Connect_error, error:Error: xhr poll error
03:42:48   Reconnecting...
03:42:48   Connect_error, error:Error: xhr poll error
03:42:53   Reconnecting...
03:42:53   Connect_error, error:Error: xhr poll error
03:42:58   Reconnecting...
03:42:58   Connect_error, error:Error: xhr poll error
03:43:03   Reconnecting...
03:43:03   Connect_error, error:Error: xhr poll error
03:43:08   Reconnecting...
03:43:08   Connect_error, error:Error: xhr poll error
03:43:13   Reconnecting...
03:43:13   Connect_error, error:Error: xhr poll error
03:43:18   Reconnecting...
03:43:18   Connect_error, error:Error: xhr poll error
03:43:23   Reconnecting...
03:43:23   Connect_error, error:Error: xhr poll error
03:43:28   Reconnecting...
03:43:28   Connect_error, error:Error: xhr poll error
03:43:33   Reconnecting...
03:43:33   Connect_error, error:Error: xhr poll error
03:43:38   Reconnecting...
03:43:38   Connect_error, error:Error: xhr poll error
03:43:43   Reconnecting...
03:43:43   Connect_error, error:Error: xhr poll error
03:43:48   Reconnecting...
03:43:48   Connect_error, error:Error: xhr poll error
03:43:53   Reconnecting...
03:43:53   Connect_error, error:Error: xhr poll error
03:43:58   Reconnecting...
03:43:58   Connect_error, error:Error: xhr poll error
03:44:03   Reconnecting...
03:44:03   Connect_error, error:Error: xhr poll error
03:44:08   Reconnecting...
03:44:08   Connect_error, error:Error: xhr poll error
03:44:13   Reconnecting...
03:44:13   Connect_error, error:Error: xhr poll error
03:44:18   Reconnecting...
03:44:18   Connect_error, error:Error: xhr poll error
03:44:23   Reconnecting...
03:44:23   Connect_error, error:Error: xhr poll error
03:44:28   Reconnecting...
03:44:28   Connect_error, error:Error: xhr poll error
03:44:33   Reconnecting...
03:44:33   Connect_error, error:Error: xhr poll error
03:44:38   Reconnecting...
03:44:38   Connect_error, error:Error: xhr poll error
03:44:43   Reconnecting...
03:44:43   Connect_error, error:Error: xhr poll error
03:44:48   Reconnecting...
03:44:48   Connect_error, error:Error: xhr poll error
03:44:53   Reconnecting...
03:44:53   Connect_error, error:Error: xhr poll error
03:44:58   Reconnecting...
03:44:58   Connect_error, error:Error: xhr poll error
03:45:03   Reconnecting...
03:45:03   Connect_error, error:Error: xhr poll error
03:45:08   Reconnecting...
03:45:08   Connect_error, error:Error: xhr poll error
03:45:13   Reconnecting...
03:45:13   Connect_error, error:Error: xhr poll error
03:45:18   Reconnecting...
03:45:18   Connect_error, error:Error: xhr poll error
03:45:23   Reconnecting...
03:45:23   Connect_error, error:Error: xhr poll error
03:45:28   Reconnecting...
03:45:28   Connect_error, error:Error: xhr poll error
03:45:33   Reconnecting...
03:45:33   Connect_error, error:Error: xhr poll error
03:45:38   Reconnecting...
03:45:38   Connect_error, error:Error: xhr poll error
03:45:43   Reconnecting...
03:45:43   Connect_error, error:Error: xhr poll error
03:45:48   Reconnecting...
03:45:48   Connect_error, error:Error: xhr poll error
03:45:53   Reconnecting...
03:45:53   Connect_error, error:Error: xhr poll error
03:45:58   Reconnecting...
03:45:58   Connect_error, error:Error: xhr poll error
03:46:03   Reconnecting...
03:46:03   Connect_error, error:Error: xhr poll error
03:46:08   Reconnecting...
03:46:08   Connect_error, error:Error: xhr poll error
03:46:13   Reconnecting...
03:46:13   Connect_error, error:Error: xhr poll error
03:46:18   Reconnecting...
03:46:18   Connect_error, error:Error: xhr poll error
03:46:23   Reconnecting...
03:46:23   Connect_error, error:Error: xhr poll error
03:46:28   Reconnecting...
03:46:28   Connect_error, error:Error: xhr poll error
03:46:33   Reconnecting...
03:46:33   Connect_error, error:Error: xhr poll error
03:46:38   Reconnecting...
03:46:38   Connect_error, error:Error: xhr poll error
03:46:43   Reconnecting...
03:46:43   Connect_error, error:Error: xhr poll error
03:46:48   Reconnecting...
03:46:48   Connect_error, error:Error: xhr poll error
03:46:53   Reconnecting...
03:46:53   Connect_error, error:Error: xhr poll error
03:46:58   Reconnecting...
03:46:58   Connect_error, error:Error: xhr poll error
03:47:03   Reconnecting...
03:47:03   Connect_error, error:Error: xhr poll error
03:47:08   Reconnecting...
03:47:08   Connect_error, error:Error: xhr poll error
03:47:13   Reconnecting...
03:47:13   Connect_error, error:Error: xhr poll error
03:47:18   Reconnecting...
03:47:18   Connect_error, error:Error: xhr poll error
03:47:23   Reconnecting...
03:47:23   Connect_error, error:Error: xhr poll error
03:47:28   Reconnecting...
03:47:28   Connect_error, error:Error: xhr poll error
03:47:33   Reconnecting...
03:47:33   Connect_error, error:Error: xhr poll error
03:47:38   Reconnecting...
03:47:38   Connect_error, error:Error: xhr poll error
03:47:43   Reconnecting...
03:47:43   Connect_error, error:Error: xhr poll error
03:47:48   Reconnecting...
03:47:48   Connect_error, error:Error: xhr poll error
03:47:53   Reconnecting...
03:47:53   Connect_error, error:Error: xhr poll error
03:47:58   Reconnecting...
03:47:58   Connect_error, error:Error: xhr poll error
03:48:03   Reconnecting...
03:48:03   Connect_error, error:Error: xhr poll error
03:48:08   Reconnecting...
03:48:08   Connect_error, error:Error: xhr poll error
03:48:13   Reconnecting...
03:48:13   Connect_error, error:Error: xhr poll error
03:48:18   Reconnecting...
03:48:18   Connect_error, error:Error: xhr poll error
03:48:23   Reconnecting...
03:48:23   Connect_error, error:Error: xhr poll error
03:48:28   Reconnecting...
03:48:28   Connect_error, error:Error: xhr poll error
03:48:33   Reconnecting...
03:48:33   Connect_error, error:Error: xhr poll error
03:48:38   Reconnecting...
03:48:38   Connect_error, error:Error: xhr poll error
03:48:43   Reconnecting...
03:48:43   Connect_error, error:Error: xhr poll error
03:48:48   Reconnecting...
03:48:48   Connect_error, error:Error: xhr poll error
03:48:53   Reconnecting...
03:48:53   Connect_error, error:Error: xhr poll error
03:48:58   Reconnecting...
03:48:58   Connect_error, error:Error: xhr poll error
03:49:03   Reconnecting...
03:49:03   Connect_error, error:Error: xhr poll error
03:49:08   Reconnecting...
03:49:08   Connect_error, error:Error: xhr poll error
03:49:13   Reconnecting...
03:49:13   Connect_error, error:Error: xhr poll error
03:49:18   Reconnecting...
03:49:18   Connect_error, error:Error: xhr poll error
03:49:23   Reconnecting...
03:49:23   Connect_error, error:Error: xhr poll error
03:49:28   Reconnecting...
03:49:28   Connect_error, error:Error: xhr poll error
03:49:33   Reconnecting...
03:49:33   Connect_error, error:Error: xhr poll error
03:49:38   Reconnecting...
03:49:38   Connect_error, error:Error: xhr poll error
03:49:43   Reconnecting...
03:49:43   Connect_error, error:Error: xhr poll error
03:49:48   Reconnecting...
03:49:48   Connect_error, error:Error: xhr poll error
03:49:53   Reconnecting...
03:49:53   Connect_error, error:Error: xhr poll error
03:49:58   Reconnecting...
03:49:58   Connect_error, error:Error: xhr poll error
03:50:03   Reconnecting...
03:50:03   Connect_error, error:Error: xhr poll error
03:50:08   Reconnecting...
03:50:08   Connect_error, error:Error: xhr poll error
03:50:13   Reconnecting...
03:50:14   Connect_error, error:Error: xhr poll error
03:50:19   Reconnecting...
03:50:19   Connect_error, error:Error: xhr poll error
03:50:24   Reconnecting...
03:50:24   Connect_error, error:Error: xhr poll error
03:50:29   Reconnecting...
03:50:29   Connect_error, error:Error: xhr poll error
03:50:34   Reconnecting...
03:50:34   Connect_error, error:Error: xhr poll error
03:50:39   Reconnecting...
03:50:39   Connect_error, error:Error: xhr poll error
03:50:44   Reconnecting...
03:50:44   Connect_error, error:Error: xhr poll error
03:50:49   Reconnecting...
03:50:49   Connect_error, error:Error: xhr poll error
03:50:54   Reconnecting...
03:50:54   Connect_error, error:Error: xhr poll error
03:50:59   Reconnecting...
03:50:59   Connect_error, error:Error: xhr poll error
03:51:04   Reconnecting...
03:51:04   Connect_error, error:Error: xhr poll error
03:51:09   Reconnecting...
03:51:09   Connect_error, error:Error: xhr poll error
03:51:14   Reconnecting...
03:51:14   Connect_error, error:Error: xhr poll error
03:51:19   Reconnecting...
03:51:19   Connect_error, error:Error: xhr poll error
03:51:24   Reconnecting...
03:51:24   Connect_error, error:Error: xhr poll error
03:51:29   Reconnecting...
03:51:29   Connect_error, error:Error: xhr poll error
03:51:34   Reconnecting...
03:51:34   Connect_error, error:Error: xhr poll error
03:51:39   Reconnecting...
03:51:39   Connect_error, error:Error: xhr poll error
03:51:44   Reconnecting...
03:51:44   Connect_error, error:Error: xhr poll error
03:51:49   Reconnecting...
03:51:49   Connect_error, error:Error: xhr poll error
03:51:54   Reconnecting...
03:51:54   Connect_error, error:Error: xhr poll error
03:51:59   Reconnecting...
03:51:59   Connect_error, error:Error: xhr poll error
03:52:04   Reconnecting...
03:52:04   Connect_error, error:Error: xhr poll error
03:52:09   Reconnecting...
03:52:09   Connect_error, error:Error: xhr poll error
03:52:14   Reconnecting...
03:52:14   Connect_error, error:Error: xhr poll error
03:52:19   Reconnecting...
03:52:19   Connect_error, error:Error: xhr poll error
03:52:24   Reconnecting...
03:52:24   Connect_error, error:Error: xhr poll error
03:52:29   Reconnecting...
03:52:29   Connect_error, error:Error: xhr poll error
03:52:34   Reconnecting...
03:52:34   Connect_error, error:Error: xhr poll error
03:52:39   Reconnecting...
03:52:39   Connect_error, error:Error: xhr poll error
03:52:44   Reconnecting...
03:52:44   Connect_error, error:Error: xhr poll error
03:52:49   Reconnecting...
03:52:49   Connect_error, error:Error: xhr poll error
03:52:54   Reconnecting...
03:52:54   Connect_error, error:Error: xhr poll error
03:52:59   Reconnecting...
03:52:59   Connect_error, error:Error: xhr poll error
03:53:04   Reconnecting...
03:53:04   Connect_error, error:Error: xhr poll error
03:53:09   Reconnecting...
03:53:09   Connect_error, error:Error: xhr poll error
03:53:14   Reconnecting...
03:53:14   Connect_error, error:Error: xhr poll error
03:53:19   Reconnecting...
03:53:19   Connect_error, error:Error: xhr poll error
03:53:24   Reconnecting...
03:53:24   Connect_error, error:Error: xhr poll error
03:53:29   Reconnecting...
03:53:29   Connect_error, error:Error: xhr poll error
03:53:34   Reconnecting...
03:53:34   Connect_error, error:Error: xhr poll error
03:53:39   Reconnecting...
03:53:39   Connect_error, error:Error: xhr poll error
03:53:44   Reconnecting...
03:53:44   Connect_error, error:Error: xhr poll error
03:53:49   Reconnecting...
03:53:49   Connect_error, error:Error: xhr poll error
03:53:54   Reconnecting...
03:53:54   Connect_error, error:Error: xhr poll error
03:53:59   Reconnecting...
03:53:59   Connect_error, error:Error: xhr poll error
03:54:04   Reconnecting...
03:54:04   Connect_error, error:Error: xhr poll error
03:54:09   Reconnecting...
03:54:09   Connect_error, error:Error: xhr poll error
04:14:24   Reconnecting...
04:14:24   Connect_error, error:Error: xhr poll error
04:14:29   Reconnecting...
04:14:29   Connect_error, error:Error: xhr poll error
04:14:34   Reconnecting...
04:14:35   Connect_error, error:Error: xhr poll error
04:14:40   Reconnecting...
04:14:40   Connect_error, error:Error: xhr poll error
04:14:45   Reconnecting...
04:14:45   Connect_error, error:Error: xhr poll error
04:14:50   Reconnecting...
04:14:50   Connect_error, error:Error: xhr poll error
04:14:55   Reconnecting...
04:14:55   Connect_error, error:Error: xhr poll error
04:15:00   Reconnecting...
04:15:00   Connect_error, error:Error: xhr poll error
04:15:05   Reconnecting...
04:15:05   Connect_error, error:Error: xhr poll error
04:15:10   Reconnecting...
04:15:10   Connect_error, error:Error: xhr poll error
04:15:15   Reconnecting...
04:15:15   Connect_error, error:Error: xhr poll error
04:15:20   Reconnecting...
04:15:20   Connect_error, error:Error: xhr poll error
04:15:25   Reconnecting...
04:15:25   Connect_error, error:Error: xhr poll error
04:15:30   Reconnecting...
04:15:30   Connect_error, error:Error: xhr poll error
04:15:35   Reconnecting...
04:15:35   Connect_error, error:Error: xhr poll error
04:15:40   Reconnecting...
04:15:40   Connect_error, error:Error: xhr poll error
04:15:45   Reconnecting...
04:15:45   Connect_error, error:Error: xhr poll error
04:15:50   Reconnecting...
04:15:50   Connect_error, error:Error: xhr poll error
04:15:55   Reconnecting...
04:15:55   Connect_error, error:Error: xhr poll error
04:16:00   Reconnecting...
04:16:00   Connect_error, error:Error: xhr poll error
04:16:05   Reconnecting...
04:16:05   Connect_error, error:Error: xhr poll error
04:16:10   Reconnecting...
04:16:10   Connect_error, error:Error: xhr poll error
04:16:15   Reconnecting...
04:16:15   Connect_error, error:Error: xhr poll error
04:16:20   Reconnecting...
04:16:20   Connect_error, error:Error: xhr poll error
04:16:25   Reconnecting...
04:16:25   Connect_error, error:Error: xhr poll error
04:16:30   Reconnecting...
04:16:30   Connect_error, error:Error: xhr poll error
04:16:35   Reconnecting...
04:16:35   Connect_error, error:Error: xhr poll error
04:16:40   Reconnecting...
04:16:40   Connect_error, error:Error: xhr poll error
04:16:45   Reconnecting...
04:16:45   Connect_error, error:Error: xhr poll error
04:16:50   Reconnecting...
04:16:50   Connect_error, error:Error: xhr poll error
04:16:55   Reconnecting...
04:16:55   Connect_error, error:Error: xhr poll error
04:17:00   Reconnecting...
04:17:00   Connect_error, error:Error: xhr poll error
04:17:05   Reconnecting...
04:17:05   Connect_error, error:Error: xhr poll error
04:17:10   Reconnecting...
04:17:10   Connect_error, error:Error: xhr poll error
04:17:15   Reconnecting...
04:17:15   Connect_error, error:Error: xhr poll error
04:17:20   Reconnecting...
04:17:20   Connect_error, error:Error: xhr poll error
04:17:25   Reconnecting...
04:17:25   Connect_error, error:Error: xhr poll error
04:17:30   Reconnecting...
04:17:30   Connect_error, error:Error: xhr poll error
04:17:35   Reconnecting...
04:17:35   Connect_error, error:Error: xhr poll error
04:17:40   Reconnecting...
04:17:40   Connect_error, error:Error: xhr poll error
04:17:45   Reconnecting...
04:17:45   Connect_error, error:Error: xhr poll error
04:17:50   Reconnecting...
04:17:50   Connect_error, error:Error: xhr poll error
04:17:55   Reconnecting...
04:17:55   Connect_error, error:Error: xhr poll error
04:18:00   Reconnecting...
04:18:00   Connect_error, error:Error: xhr poll error
04:18:05   Reconnecting...
04:18:05   Connect_error, error:Error: xhr poll error
04:18:10   Reconnecting...
04:18:10   Connect_error, error:Error: xhr poll error
04:18:15   Reconnecting...
04:18:15   Connect_error, error:Error: xhr poll error
04:18:20   Reconnecting...
04:18:20   Connect_error, error:Error: xhr poll error
04:18:25   Reconnecting...
04:18:25   Connect_error, error:Error: xhr poll error
04:18:30   Reconnecting...
04:18:30   Connect_error, error:Error: xhr poll error
04:18:35   Reconnecting...
04:18:35   Connect_error, error:Error: xhr poll error
04:18:40   Reconnecting...
04:18:40   Connect_error, error:Error: xhr poll error
04:18:45   Reconnecting...
04:18:45   Connect_error, error:Error: xhr poll error
04:18:50   Reconnecting...
04:18:50   Connect_error, error:Error: xhr poll error
04:18:55   Reconnecting...
04:18:55   Connect_error, error:Error: xhr poll error
04:19:00   Reconnecting...
04:19:00   Connect_error, error:Error: xhr poll error
04:19:05   Reconnecting...
04:19:05   Connect_error, error:Error: xhr poll error
04:19:10   Reconnecting...
04:19:10   Connect_error, error:Error: xhr poll error
04:19:15   Reconnecting...
04:19:15   Connect_error, error:Error: xhr poll error
04:19:20   Reconnecting...
04:19:20   Connect_error, error:Error: xhr poll error
04:19:25   Reconnecting...
04:19:25   Connect_error, error:Error: xhr poll error
04:19:30   Reconnecting...
04:19:30   Connect_error, error:Error: xhr poll error
04:19:35   Reconnecting...
04:19:35   Connect_error, error:Error: xhr poll error
04:19:40   Reconnecting...
04:19:40   Connect_error, error:Error: xhr poll error
04:19:45   Reconnecting...
04:19:45   Connect_error, error:Error: xhr poll error
04:19:50   Reconnecting...
04:19:50   Connect_error, error:Error: xhr poll error
04:19:55   Reconnecting...
04:19:55   Connect_error, error:Error: xhr poll error
04:20:00   Reconnecting...
04:20:00   Connect_error, error:Error: xhr poll error
04:20:05   Reconnecting...
04:20:05   Connect_error, error:Error: xhr poll error
04:20:10   Reconnecting...
04:20:10   Connect_error, error:Error: xhr poll error
04:20:15   Reconnecting...
04:20:15   Connect_error, error:Error: xhr poll error
04:20:20   Reconnecting...
04:20:20   Connect_error, error:Error: xhr poll error
04:20:25   Reconnecting...
04:20:25   Connect_error, error:Error: xhr poll error
04:20:30   Reconnecting...
04:20:30   Connect_error, error:Error: xhr poll error
04:20:35   Reconnecting...
04:20:35   Connect_error, error:Error: xhr poll error
04:20:40   Reconnecting...
04:20:40   Connect_error, error:Error: xhr poll error
04:20:45   Reconnecting...
04:20:45   Connect_error, error:Error: xhr poll error
04:20:50   Reconnecting...
04:20:50   Connect_error, error:Error: xhr poll error
04:20:55   Reconnecting...
04:20:55   Connect_error, error:Error: xhr poll error
04:21:00   Reconnecting...
04:21:00   Connect_error, error:Error: xhr poll error
04:21:05   Reconnecting...
04:21:05   Connect_error, error:Error: xhr poll error
04:21:10   Reconnecting...
04:21:10   Connect_error, error:Error: xhr poll error
04:21:15   Reconnecting...
04:21:15   Connect_error, error:Error: xhr poll error
04:21:20   Reconnecting...
04:21:20   Connect_error, error:Error: xhr poll error
04:21:25   Reconnecting...
04:21:25   Connect_error, error:Error: xhr poll error
04:21:30   Reconnecting...
04:21:30   Connect_error, error:Error: xhr poll error
04:21:35   Reconnecting...
04:21:35   Connect_error, error:Error: xhr poll error
04:21:40   Reconnecting...
04:21:40   Connect_error, error:Error: xhr poll error
04:21:45   Reconnecting...
04:21:45   Connect_error, error:Error: xhr poll error
04:21:50   Reconnecting...
04:21:50   Connect_error, error:Error: xhr poll error
04:21:55   Reconnecting...
04:21:55   Connect_error, error:Error: xhr poll error
04:22:00   Reconnecting...
04:22:00   Connect_error, error:Error: xhr poll error
04:22:05   Reconnecting...
04:22:05   Connect_error, error:Error: xhr poll error
04:22:10   Reconnecting...
04:22:10   Connect_error, error:Error: xhr poll error
04:22:15   Reconnecting...
04:22:15   Connect_error, error:Error: xhr poll error
04:22:20   Reconnecting...
04:22:20   Connect_error, error:Error: xhr poll error
04:22:25   Reconnecting...
04:22:25   Connect_error, error:Error: xhr poll error
04:22:30   Reconnecting...
04:22:30   Connect_error, error:Error: xhr poll error
04:22:35   Reconnecting...
04:22:35   Connect_error, error:Error: xhr poll error
04:22:40   Reconnecting...
04:22:40   Connect_error, error:Error: xhr poll error
04:22:45   Reconnecting...
04:22:45   Connect_error, error:Error: xhr poll error
04:22:50   Reconnecting...
04:22:50   Connect_error, error:Error: xhr poll error
04:22:55   Reconnecting...
04:22:55   Connect_error, error:Error: xhr poll error
04:23:00   Reconnecting...
04:23:00   Connect_error, error:Error: xhr poll error
04:23:05   Reconnecting...
04:23:05   Connect_error, error:Error: xhr poll error
04:23:10   Reconnecting...
04:23:10   Connect_error, error:Error: xhr poll error
04:23:15   Reconnecting...
04:23:15   Connect_error, error:Error: xhr poll error
04:23:20   Reconnecting...
04:23:20   Connect_error, error:Error: xhr poll error
04:23:25   Reconnecting...
04:23:25   Connect_error, error:Error: xhr poll error
04:23:30   Reconnecting...
04:23:30   Connect_error, error:Error: xhr poll error
04:23:35   Reconnecting...
04:23:35   Connect_error, error:Error: xhr poll error
04:23:40   Reconnecting...
04:23:40   Connect_error, error:Error: xhr poll error
04:23:45   Reconnecting...
04:23:45   Connect_error, error:Error: xhr poll error
04:23:50   Reconnecting...
04:23:50   Connect_error, error:Error: xhr poll error
04:23:55   Reconnecting...
04:23:55   Connect_error, error:Error: xhr poll error
04:24:00   Reconnecting...
04:24:00   Connect_error, error:Error: xhr poll error
04:24:05   Reconnecting...
04:24:05   Connect_error, error:Error: xhr poll error
04:24:10   Reconnecting...
04:24:10   Connect_error, error:Error: xhr poll error
04:24:15   Reconnecting...
04:24:15   Connect_error, error:Error: xhr poll error
04:24:20   Reconnecting...
04:24:20   Connect_error, error:Error: xhr poll error
04:24:25   Reconnecting...
04:24:25   Connect_error, error:Error: xhr poll error
04:24:30   Reconnecting...
04:24:30   Connect_error, error:Error: xhr poll error
04:24:36   Reconnecting...
04:24:36   Connect_error, error:Error: xhr poll error
04:24:41   Reconnecting...
04:24:41   Connect_error, error:Error: xhr poll error
04:24:46   Reconnecting...
04:24:46   Connect_error, error:Error: xhr poll error
04:24:51   Reconnecting...
04:24:51   Connect_error, error:Error: xhr poll error
04:24:56   Reconnecting...
04:24:56   Connect_error, error:Error: xhr poll error
04:25:01   Reconnecting...
04:25:01   Connect_error, error:Error: xhr poll error
04:25:06   Reconnecting...
04:25:06   Connect_error, error:Error: xhr poll error
04:25:11   Reconnecting...
04:25:11   Connect_error, error:Error: xhr poll error
04:25:16   Reconnecting...
04:25:16   Connect_error, error:Error: xhr poll error
04:25:21   Reconnecting...
04:25:21   Connect_error, error:Error: xhr poll error
04:25:26   Reconnecting...
04:25:26   Connect_error, error:Error: xhr poll error
04:25:31   Reconnecting...
04:25:31   Connect_error, error:Error: xhr poll error
04:25:36   Reconnecting...
04:25:36   Connect_error, error:Error: xhr poll error
04:25:41   Reconnecting...
04:25:41   Connect_error, error:Error: xhr poll error
04:25:46   Reconnecting...
04:25:46   Connect_error, error:Error: xhr poll error
04:25:51   Reconnecting...
04:25:51   Connect_error, error:Error: xhr poll error
04:25:56   Reconnecting...
04:25:56   Connect_error, error:Error: xhr poll error
04:26:01   Reconnecting...
04:26:01   Connect_error, error:Error: xhr poll error
04:26:06   Reconnecting...
04:26:06   Connect_error, error:Error: xhr poll error
04:26:11   Reconnecting...
04:26:11   Connect_error, error:Error: xhr poll error
04:26:16   Reconnecting...
04:26:16   Connect_error, error:Error: xhr poll error
04:26:21   Reconnecting...
04:26:21   Connect_error, error:Error: xhr poll error
04:26:26   Reconnecting...
04:26:26   Connect_error, error:Error: xhr poll error
04:26:31   Reconnecting...
04:26:31   Connect_error, error:Error: xhr poll error
04:26:36   Reconnecting...
04:26:36   Connect_error, error:Error: xhr poll error
04:26:41   Reconnecting...
04:26:41   Connect_error, error:Error: xhr poll error
04:26:46   Reconnecting...
04:26:46   Connect_error, error:Error: xhr poll error
04:26:51   Reconnecting...
04:26:51   Connect_error, error:Error: xhr poll error
04:26:56   Reconnecting...
04:26:56   Connect_error, error:Error: xhr poll error
04:27:01   Reconnecting...
04:27:01   Connect_error, error:Error: xhr poll error
04:27:06   Reconnecting...
04:27:06   Connect_error, error:Error: xhr poll error
04:27:11   Reconnecting...
04:27:11   Connect_error, error:Error: xhr poll error
04:27:16   Reconnecting...
04:27:16   Connect_error, error:Error: xhr poll error
04:27:21   Reconnecting...
04:27:21   Connect_error, error:Error: xhr poll error
04:27:26   Reconnecting...
04:27:26   Connect_error, error:Error: xhr poll error
04:27:31   Reconnecting...
04:27:31   Connect_error, error:Error: xhr poll error
04:27:36   Reconnecting...
04:27:36   Connect_error, error:Error: xhr poll error
04:27:41   Reconnecting...
04:27:41   Connect_error, error:Error: xhr poll error
04:27:46   Reconnecting...
04:27:46   Connect_error, error:Error: xhr poll error
04:27:51   Reconnecting...
04:27:51   Connect_error, error:Error: xhr poll error
04:27:56   Reconnecting...
04:27:56   Connect_error, error:Error: xhr poll error
04:28:01   Reconnecting...
04:28:01   Connect_error, error:Error: xhr poll error
04:28:06   Reconnecting...
04:28:06   Connect_error, error:Error: xhr poll error
04:28:11   Reconnecting...
04:28:11   Connect_error, error:Error: xhr poll error
04:28:16   Reconnecting...
04:28:16   Connect_error, error:Error: xhr poll error
04:28:21   Reconnecting...
04:28:21   Connect_error, error:Error: xhr poll error
04:28:26   Reconnecting...
04:28:26   Connect_error, error:Error: xhr poll error
04:28:31   Reconnecting...
04:28:31   Connect_error, error:Error: xhr poll error
04:28:36   Reconnecting...
04:28:36   Connect_error, error:Error: xhr poll error
04:28:41   Reconnecting...
04:28:41   Connect_error, error:Error: xhr poll error
04:28:46   Reconnecting...
04:28:46   Connect_error, error:Error: xhr poll error
04:28:51   Reconnecting...
04:28:51   Connect_error, error:Error: xhr poll error
04:28:56   Reconnecting...
04:28:56   Connect_error, error:Error: xhr poll error
04:29:01   Reconnecting...
04:29:01   Connect_error, error:Error: xhr poll error
04:29:06   Reconnecting...
04:29:06   Connect_error, error:Error: xhr poll error
04:29:11   Reconnecting...
04:29:11   Connect_error, error:Error: xhr poll error
04:29:16   Reconnecting...
04:29:16   Connect_error, error:Error: xhr poll error
04:29:21   Reconnecting...
04:29:21   Connect_error, error:Error: xhr poll error
04:29:26   Reconnecting...
04:29:26   Connect_error, error:Error: xhr poll error
04:29:31   Reconnecting...
04:29:31   Connect_error, error:Error: xhr poll error
04:29:36   Reconnecting...
04:29:36   Connect_error, error:Error: xhr poll error
04:29:41   Reconnecting...
04:29:41   Connect_error, error:Error: xhr poll error
04:29:46   Reconnecting...
04:29:46   Connect_error, error:Error: xhr poll error
04:29:51   Reconnecting...
04:29:51   Connect_error, error:Error: xhr poll error
04:29:56   Reconnecting...
04:29:56   Connect_error, error:Error: xhr poll error
04:30:01   Reconnecting...
04:30:01   Connect_error, error:Error: xhr poll error
04:30:06   Reconnecting...
04:30:06   Connect_error, error:Error: xhr poll error
04:30:11   Reconnecting...
04:30:11   Connect_error, error:Error: xhr poll error
04:30:16   Reconnecting...
04:30:16   Connect_error, error:Error: xhr poll error
04:30:21   Reconnecting...
04:30:21   Connect_error, error:Error: xhr poll error
04:30:26   Reconnecting...
04:30:26   Connect_error, error:Error: xhr poll error
04:30:31   Reconnecting...
04:30:31   Connect_error, error:Error: xhr poll error
04:30:36   Reconnecting...
04:30:36   Connect_error, error:Error: xhr poll error
04:30:41   Reconnecting...
04:30:41   Connect_error, error:Error: xhr poll error
04:30:46   Reconnecting...
04:30:46   Connect_error, error:Error: xhr poll error
04:30:51   Reconnecting...
04:30:51   Connect_error, error:Error: xhr poll error
04:30:56   Reconnecting...
04:30:56   Connect_error, error:Error: xhr poll error
